2013-10-28 16:23:37,208 INFO: microblog startup [in /Users/sandrew/Documents/Sites/personal projects/microblog/app/__init__.py:38]
2013-10-28 16:24:29,716 ERROR: Exception on /edit [GET] [in /Users/sandrew/.virtualenvs/flask/lib/python2.7/site-packages/flask/app.py:1306]
Traceback (most recent call last):
  File "/Users/sandrew/.virtualenvs/flask/lib/python2.7/site-packages/flask/app.py", line 1687, in wsgi_app
    response = self.full_dispatch_request()
  File "/Users/sandrew/.virtualenvs/flask/lib/python2.7/site-packages/flask/app.py", line 1361, in full_dispatch_request
    response = self.make_response(rv)
  File "/Users/sandrew/.virtualenvs/flask/lib/python2.7/site-packages/flask/app.py", line 1439, in make_response
    raise ValueError('View function did not return a response')
ValueError: View function did not return a response
2013-10-28 16:24:33,549 ERROR: Exception on /edit [GET] [in /Users/sandrew/.virtualenvs/flask/lib/python2.7/site-packages/flask/app.py:1306]
Traceback (most recent call last):
  File "/Users/sandrew/.virtualenvs/flask/lib/python2.7/site-packages/flask/app.py", line 1687, in wsgi_app
    response = self.full_dispatch_request()
  File "/Users/sandrew/.virtualenvs/flask/lib/python2.7/site-packages/flask/app.py", line 1361, in full_dispatch_request
    response = self.make_response(rv)
  File "/Users/sandrew/.virtualenvs/flask/lib/python2.7/site-packages/flask/app.py", line 1439, in make_response
    raise ValueError('View function did not return a response')
ValueError: View function did not return a response
2013-10-28 16:24:43,132 INFO: microblog startup [in /Users/sandrew/Documents/Sites/personal projects/microblog/app/__init__.py:38]
2013-10-28 16:24:43,572 INFO: microblog startup [in /Users/sandrew/Documents/Sites/personal projects/microblog/app/__init__.py:38]
2013-10-28 16:26:33,102 INFO: microblog startup [in /Users/sandrew/Documents/Sites/personal projects/microblog/app/__init__.py:38]
2013-10-28 16:28:52,404 INFO: microblog startup [in /Users/sandrew/Documents/Sites/personal projects/microblog/app/__init__.py:38]
2013-10-28 20:48:56,285 INFO: microblog startup [in /Users/sandrew/Documents/Sites/personal projects/microblog/app/__init__.py:38]
2013-10-28 20:55:28,034 INFO: microblog startup [in /Users/sandrew/Documents/Sites/personal projects/microblog/app/__init__.py:38]
2013-10-28 20:56:25,654 INFO: microblog startup [in /Users/sandrew/Documents/Sites/personal projects/microblog/app/__init__.py:38]
2013-10-29 10:58:25,984 INFO: microblog startup [in /Users/sandrew/Documents/Sites/personal projects/microblog/app/__init__.py:38]
2013-10-29 10:58:26,516 INFO: microblog startup [in /Users/sandrew/Documents/Sites/personal projects/microblog/app/__init__.py:38]
2013-10-29 11:00:16,100 INFO: microblog startup [in /Users/sandrew/Documents/Sites/personal projects/microblog/app/__init__.py:38]
2013-10-29 11:02:03,629 INFO: microblog startup [in /Users/sandrew/Documents/Sites/personal projects/microblog/app/__init__.py:38]
2013-10-29 11:02:16,257 INFO: microblog startup [in /Users/sandrew/Documents/Sites/personal projects/microblog/app/__init__.py:38]
2013-10-29 11:04:41,285 INFO: microblog startup [in /Users/sandrew/Documents/Sites/personal projects/microblog/app/__init__.py:38]
2013-10-29 11:08:04,786 INFO: microblog startup [in /Users/sandrew/Documents/Sites/personal projects/microblog/app/__init__.py:38]
2013-10-29 11:08:13,325 INFO: microblog startup [in /Users/sandrew/Documents/Sites/personal projects/microblog/app/__init__.py:38]
2013-10-29 11:08:58,178 INFO: microblog startup [in /Users/sandrew/Documents/Sites/personal projects/microblog/app/__init__.py:38]
2013-10-29 11:10:04,292 INFO: microblog startup [in /Users/sandrew/Documents/Sites/personal projects/microblog/app/__init__.py:38]
2013-10-29 11:13:17,782 INFO: microblog startup [in /Users/sandrew/Documents/Sites/personal projects/microblog/app/__init__.py:38]
2013-10-29 11:25:16,435 INFO: microblog startup [in /Users/sandrew/Documents/Sites/personal projects/microblog/app/__init__.py:38]
2013-10-29 11:25:16,926 INFO: microblog startup [in /Users/sandrew/Documents/Sites/personal projects/microblog/app/__init__.py:38]
2013-10-29 12:13:43,064 INFO: microblog startup [in /Users/sandrew/Documents/Sites/personal projects/microblog/app/__init__.py:38]
2013-10-29 12:22:56,323 INFO: microblog startup [in app/__init__.py:38]
2013-10-29 12:24:15,797 INFO: microblog startup [in app/__init__.py:38]
2013-10-29 12:26:47,465 INFO: microblog startup [in app/__init__.py:38]
2013-10-29 12:49:42,749 INFO: microblog startup [in /Users/sandrew/Documents/Sites/personal projects/microblog/app/__init__.py:38]
2013-10-29 12:49:43,454 INFO: microblog startup [in /Users/sandrew/Documents/Sites/personal projects/microblog/app/__init__.py:38]
2013-10-29 12:50:20,485 INFO: microblog startup [in /Users/sandrew/Documents/Sites/personal projects/microblog/app/__init__.py:38]
2013-10-29 12:51:42,003 INFO: microblog startup [in /Users/sandrew/Documents/Sites/personal projects/microblog/app/__init__.py:38]
2013-10-29 12:55:27,163 INFO: microblog startup [in /Users/sandrew/Documents/Sites/personal projects/microblog/app/__init__.py:38]
2013-10-29 12:59:07,405 INFO: microblog startup [in /Users/sandrew/Documents/Sites/personal projects/microblog/app/__init__.py:38]
2013-10-29 12:59:39,386 INFO: microblog startup [in /Users/sandrew/Documents/Sites/personal projects/microblog/app/__init__.py:38]
2013-10-29 13:01:06,654 INFO: microblog startup [in /Users/sandrew/Documents/Sites/personal projects/microblog/app/__init__.py:38]
2013-10-29 13:01:07,100 INFO: microblog startup [in /Users/sandrew/Documents/Sites/personal projects/microblog/app/__init__.py:38]
2013-10-29 13:04:28,912 INFO: microblog startup [in /Users/sandrew/Documents/Sites/personal projects/microblog/app/__init__.py:38]
2013-10-29 13:05:01,958 INFO: microblog startup [in /Users/sandrew/Documents/Sites/personal projects/microblog/app/__init__.py:38]
2013-10-29 13:06:10,409 INFO: microblog startup [in /Users/sandrew/Documents/Sites/personal projects/microblog/app/__init__.py:38]
2013-10-29 13:07:07,665 INFO: microblog startup [in /Users/sandrew/Documents/Sites/personal projects/microblog/app/__init__.py:38]
2013-10-29 13:07:54,819 INFO: microblog startup [in /Users/sandrew/Documents/Sites/personal projects/microblog/app/__init__.py:38]
2013-10-29 13:10:26,189 INFO: microblog startup [in /Users/sandrew/Documents/Sites/personal projects/microblog/app/__init__.py:38]
2013-10-29 13:12:24,257 INFO: microblog startup [in /Users/sandrew/Documents/Sites/personal projects/microblog/app/__init__.py:38]
2013-10-29 13:13:22,643 INFO: microblog startup [in /Users/sandrew/Documents/Sites/personal projects/microblog/app/__init__.py:38]
2013-10-29 13:14:03,681 INFO: microblog startup [in /Users/sandrew/Documents/Sites/personal projects/microblog/app/__init__.py:38]
2013-10-29 13:14:53,864 INFO: microblog startup [in /Users/sandrew/Documents/Sites/personal projects/microblog/app/__init__.py:38]
2013-10-29 13:19:03,379 INFO: microblog startup [in /Users/sandrew/Documents/Sites/personal projects/microblog/app/__init__.py:38]
2013-10-29 13:20:26,996 INFO: microblog startup [in /Users/sandrew/Documents/Sites/personal projects/microblog/app/__init__.py:38]
2013-10-29 13:20:45,004 INFO: microblog startup [in /Users/sandrew/Documents/Sites/personal projects/microblog/app/__init__.py:38]
2013-10-29 13:20:52,875 INFO: microblog startup [in /Users/sandrew/Documents/Sites/personal projects/microblog/app/__init__.py:38]
2013-10-29 13:20:53,372 INFO: microblog startup [in /Users/sandrew/Documents/Sites/personal projects/microblog/app/__init__.py:38]
2013-10-29 13:22:10,811 INFO: microblog startup [in /Users/sandrew/Documents/Sites/personal projects/microblog/app/__init__.py:38]
2013-10-29 13:22:38,655 INFO: microblog startup [in /Users/sandrew/Documents/Sites/personal projects/microblog/app/__init__.py:38]
2013-10-29 13:24:44,524 INFO: microblog startup [in /Users/sandrew/Documents/Sites/personal projects/microblog/app/__init__.py:38]
2013-10-29 13:26:07,032 INFO: microblog startup [in /Users/sandrew/Documents/Sites/personal projects/microblog/app/__init__.py:38]
2013-10-29 13:26:25,228 INFO: microblog startup [in /Users/sandrew/Documents/Sites/personal projects/microblog/app/__init__.py:38]
2013-10-29 13:27:40,638 INFO: microblog startup [in /Users/sandrew/Documents/Sites/personal projects/microblog/app/__init__.py:38]
2013-10-29 13:27:48,430 INFO: microblog startup [in /Users/sandrew/Documents/Sites/personal projects/microblog/app/__init__.py:38]
2013-10-29 13:28:04,467 INFO: microblog startup [in /Users/sandrew/Documents/Sites/personal projects/microblog/app/__init__.py:38]
2013-10-29 13:28:04,877 INFO: microblog startup [in /Users/sandrew/Documents/Sites/personal projects/microblog/app/__init__.py:38]
2013-10-29 13:30:55,125 INFO: microblog startup [in /Users/sandrew/Documents/Sites/personal projects/microblog/app/__init__.py:38]
2013-10-29 13:33:25,090 INFO: microblog startup [in /Users/sandrew/Documents/Sites/personal projects/microblog/app/__init__.py:38]
2013-10-29 13:33:49,358 INFO: microblog startup [in /Users/sandrew/Documents/Sites/personal projects/microblog/app/__init__.py:38]
2013-10-29 13:34:16,207 INFO: microblog startup [in /Users/sandrew/Documents/Sites/personal projects/microblog/app/__init__.py:38]
2013-10-29 13:34:16,644 INFO: microblog startup [in /Users/sandrew/Documents/Sites/personal projects/microblog/app/__init__.py:38]
2013-10-29 13:34:37,427 INFO: microblog startup [in /Users/sandrew/Documents/Sites/personal projects/microblog/app/__init__.py:38]
2013-10-29 13:35:02,230 INFO: microblog startup [in /Users/sandrew/Documents/Sites/personal projects/microblog/app/__init__.py:38]
2013-10-29 13:35:24,452 INFO: microblog startup [in /Users/sandrew/Documents/Sites/personal projects/microblog/app/__init__.py:38]
2013-10-29 13:35:25,031 INFO: microblog startup [in /Users/sandrew/Documents/Sites/personal projects/microblog/app/__init__.py:38]
2013-10-29 13:35:41,793 INFO: microblog startup [in /Users/sandrew/Documents/Sites/personal projects/microblog/app/__init__.py:38]
2013-10-29 13:35:53,466 INFO: microblog startup [in /Users/sandrew/Documents/Sites/personal projects/microblog/app/__init__.py:38]
2013-10-29 13:35:59,093 INFO: microblog startup [in /Users/sandrew/Documents/Sites/personal projects/microblog/app/__init__.py:38]
2013-10-29 13:36:03,965 INFO: microblog startup [in /Users/sandrew/Documents/Sites/personal projects/microblog/app/__init__.py:38]
2013-10-29 13:36:04,468 INFO: microblog startup [in /Users/sandrew/Documents/Sites/personal projects/microblog/app/__init__.py:38]
2013-10-29 13:36:44,723 INFO: microblog startup [in /Users/sandrew/Documents/Sites/personal projects/microblog/app/__init__.py:38]
2013-10-29 13:36:56,770 INFO: microblog startup [in /Users/sandrew/Documents/Sites/personal projects/microblog/app/__init__.py:38]
2013-10-29 13:36:57,329 INFO: microblog startup [in /Users/sandrew/Documents/Sites/personal projects/microblog/app/__init__.py:38]
2013-10-29 13:39:04,493 INFO: microblog startup [in /Users/sandrew/Documents/Sites/personal projects/microblog/app/__init__.py:38]
2013-10-29 13:39:11,947 INFO: microblog startup [in /Users/sandrew/Documents/Sites/personal projects/microblog/app/__init__.py:38]
2013-10-29 13:39:12,502 INFO: microblog startup [in /Users/sandrew/Documents/Sites/personal projects/microblog/app/__init__.py:38]
2013-10-29 13:40:30,040 INFO: microblog startup [in /Users/sandrew/Documents/Sites/personal projects/microblog/app/__init__.py:38]
2013-10-29 13:40:53,952 INFO: microblog startup [in /Users/sandrew/Documents/Sites/personal projects/microblog/app/__init__.py:38]
2013-10-29 13:43:29,859 INFO: microblog startup [in /Users/sandrew/Documents/Sites/personal projects/microblog/app/__init__.py:34]
2013-10-29 13:45:40,721 INFO: microblog startup [in /Users/sandrew/Documents/Sites/personal projects/microblog/app/__init__.py:34]
2013-10-29 13:45:41,259 INFO: microblog startup [in /Users/sandrew/Documents/Sites/personal projects/microblog/app/__init__.py:34]
2013-10-29 13:46:35,432 INFO: microblog startup [in /Users/sandrew/Documents/Sites/personal projects/microblog/app/__init__.py:34]
2013-10-29 13:46:42,194 INFO: microblog startup [in /Users/sandrew/Documents/Sites/personal projects/microblog/app/__init__.py:34]
2013-10-29 13:46:42,597 INFO: microblog startup [in /Users/sandrew/Documents/Sites/personal projects/microblog/app/__init__.py:34]
2013-10-29 13:50:10,084 INFO: microblog startup [in /Users/sandrew/Documents/Sites/personal projects/microblog/app/__init__.py:34]
2013-10-29 13:50:18,720 INFO: microblog startup [in /Users/sandrew/Documents/Sites/personal projects/microblog/app/__init__.py:34]
2013-10-29 13:50:32,382 INFO: microblog startup [in /Users/sandrew/Documents/Sites/personal projects/microblog/app/__init__.py:34]
2013-10-29 13:50:47,133 INFO: microblog startup [in /Users/sandrew/Documents/Sites/personal projects/microblog/app/__init__.py:34]
2013-10-29 13:50:56,707 INFO: microblog startup [in /Users/sandrew/Documents/Sites/personal projects/microblog/app/__init__.py:34]
2013-10-29 13:51:47,951 INFO: microblog startup [in app/__init__.py:34]
2013-10-29 13:52:51,217 INFO: microblog startup [in /Users/sandrew/Documents/Sites/personal projects/microblog/app/__init__.py:34]
2013-10-29 13:52:51,749 INFO: microblog startup [in /Users/sandrew/Documents/Sites/personal projects/microblog/app/__init__.py:34]
2013-10-29 13:53:18,627 INFO: microblog startup [in /Users/sandrew/Documents/Sites/personal projects/microblog/app/__init__.py:34]
2013-10-29 13:53:58,604 INFO: microblog startup [in /Users/sandrew/Documents/Sites/personal projects/microblog/app/__init__.py:34]
2013-10-29 13:56:06,745 INFO: microblog startup [in /Users/sandrew/Documents/Sites/personal projects/microblog/app/__init__.py:34]
2013-10-29 13:56:27,572 INFO: microblog startup [in /Users/sandrew/Documents/Sites/personal projects/microblog/app/__init__.py:34]
2013-10-29 13:57:44,697 INFO: microblog startup [in /Users/sandrew/Documents/Sites/personal projects/microblog/app/__init__.py:34]
2013-10-29 13:57:45,218 INFO: microblog startup [in /Users/sandrew/Documents/Sites/personal projects/microblog/app/__init__.py:34]
2013-10-29 13:58:09,083 INFO: microblog startup [in /Users/sandrew/Documents/Sites/personal projects/microblog/app/__init__.py:34]
2013-10-29 13:58:14,867 INFO: microblog startup [in /Users/sandrew/Documents/Sites/personal projects/microblog/app/__init__.py:34]
2013-10-29 13:58:15,286 INFO: microblog startup [in /Users/sandrew/Documents/Sites/personal projects/microblog/app/__init__.py:34]
2013-10-29 13:58:27,940 INFO: microblog startup [in /Users/sandrew/Documents/Sites/personal projects/microblog/app/__init__.py:34]
2013-10-29 13:58:33,501 INFO: microblog startup [in /Users/sandrew/Documents/Sites/personal projects/microblog/app/__init__.py:34]
2013-10-29 13:58:33,999 INFO: microblog startup [in /Users/sandrew/Documents/Sites/personal projects/microblog/app/__init__.py:34]
2013-10-29 13:58:54,704 INFO: microblog startup [in /Users/sandrew/Documents/Sites/personal projects/microblog/app/__init__.py:34]
2013-10-29 13:59:06,364 INFO: microblog startup [in /Users/sandrew/Documents/Sites/personal projects/microblog/app/__init__.py:34]
2013-10-29 13:59:34,235 INFO: microblog startup [in /Users/sandrew/Documents/Sites/personal projects/microblog/app/__init__.py:34]
2013-10-29 14:00:42,912 INFO: microblog startup [in /Users/sandrew/Documents/Sites/personal projects/microblog/app/__init__.py:34]
2013-10-29 14:00:43,400 INFO: microblog startup [in /Users/sandrew/Documents/Sites/personal projects/microblog/app/__init__.py:34]
2013-10-29 14:01:54,796 INFO: microblog startup [in /Users/sandrew/Documents/Sites/personal projects/microblog/app/__init__.py:34]
2013-10-29 14:05:38,914 INFO: microblog startup [in /Users/sandrew/Documents/Sites/personal projects/microblog/app/__init__.py:34]
2013-10-29 14:06:06,732 INFO: microblog startup [in /Users/sandrew/Documents/Sites/personal projects/microblog/app/__init__.py:35]
2013-10-29 14:06:52,492 INFO: microblog startup [in app/__init__.py:35]
2013-10-29 14:08:57,561 INFO: microblog startup [in app/__init__.py:35]
2013-10-29 14:12:31,984 INFO: microblog startup [in app/__init__.py:35]
2013-10-29 14:23:35,130 INFO: microblog startup [in /Users/sandrew/Documents/Sites/personal projects/microblog/app/__init__.py:35]
2013-10-29 14:24:26,764 INFO: microblog startup [in /Users/sandrew/Documents/Sites/personal projects/microblog/app/__init__.py:35]
2013-10-29 14:24:27,218 INFO: microblog startup [in /Users/sandrew/Documents/Sites/personal projects/microblog/app/__init__.py:35]
2013-10-29 14:26:11,907 INFO: microblog startup [in /Users/sandrew/Documents/Sites/personal projects/microblog/app/__init__.py:35]
2013-10-29 14:53:44,077 INFO: microblog startup [in /Users/sandrew/Documents/Sites/personal projects/microblog/app/__init__.py:38]
2013-10-29 15:00:01,966 INFO: microblog startup [in /Users/sandrew/Documents/Sites/personal projects/microblog/app/__init__.py:38]
2013-10-29 15:05:21,348 INFO: microblog startup [in /Users/sandrew/Documents/Sites/personal projects/microblog/app/__init__.py:39]
2013-10-29 15:08:19,301 INFO: microblog startup [in /Users/sandrew/Documents/Sites/personal projects/microblog/app/__init__.py:39]
2013-10-29 15:08:19,739 INFO: microblog startup [in /Users/sandrew/Documents/Sites/personal projects/microblog/app/__init__.py:39]
2013-10-29 15:09:40,200 INFO: microblog startup [in /Users/sandrew/Documents/Sites/personal projects/microblog/app/__init__.py:39]
2013-10-29 15:14:37,700 INFO: microblog startup [in /Users/sandrew/Documents/Sites/personal projects/microblog/app/__init__.py:39]
2013-10-29 15:15:12,915 INFO: microblog startup [in /Users/sandrew/Documents/Sites/personal projects/microblog/app/__init__.py:39]
2013-10-29 15:15:13,411 INFO: microblog startup [in /Users/sandrew/Documents/Sites/personal projects/microblog/app/__init__.py:39]
2013-10-29 15:22:33,314 INFO: microblog startup [in /Users/sandrew/Documents/Sites/personal projects/microblog/app/__init__.py:39]
2013-10-29 15:28:34,951 INFO: microblog startup [in /Users/sandrew/Documents/Sites/personal projects/microblog/app/__init__.py:39]
2013-10-29 15:28:35,773 INFO: microblog startup [in /Users/sandrew/Documents/Sites/personal projects/microblog/app/__init__.py:39]
2013-10-29 15:31:53,006 INFO: microblog startup [in /Users/sandrew/Documents/Sites/personal projects/microblog/app/__init__.py:39]
2013-10-29 15:32:23,561 INFO: microblog startup [in /Users/sandrew/Documents/Sites/personal projects/microblog/app/__init__.py:39]
2013-10-29 15:37:06,691 INFO: microblog startup [in /Users/sandrew/Documents/Sites/personal projects/microblog/app/__init__.py:39]
2013-10-29 15:37:07,267 INFO: microblog startup [in /Users/sandrew/Documents/Sites/personal projects/microblog/app/__init__.py:39]
2013-10-29 15:37:35,148 INFO: microblog startup [in /Users/sandrew/Documents/Sites/personal projects/microblog/app/__init__.py:39]
2013-10-29 15:41:13,542 INFO: microblog startup [in /Users/sandrew/Documents/Sites/personal projects/microblog/app/__init__.py:39]
2013-10-29 15:43:29,157 INFO: microblog startup [in /Users/sandrew/Documents/Sites/personal projects/microblog/app/__init__.py:39]
2013-10-29 15:50:45,032 INFO: microblog startup [in /Users/sandrew/Documents/Sites/personal projects/microblog/app/__init__.py:39]
2013-10-29 15:53:13,795 INFO: microblog startup [in /Users/sandrew/Documents/Sites/personal projects/microblog/app/__init__.py:39]
2013-10-29 15:53:30,782 INFO: microblog startup [in /Users/sandrew/Documents/Sites/personal projects/microblog/app/__init__.py:39]
2013-10-29 15:53:58,911 INFO: microblog startup [in /Users/sandrew/Documents/Sites/personal projects/microblog/app/__init__.py:39]
2013-10-29 15:55:20,883 INFO: microblog startup [in /Users/sandrew/Documents/Sites/personal projects/microblog/app/__init__.py:39]
2013-10-29 15:55:21,407 INFO: microblog startup [in /Users/sandrew/Documents/Sites/personal projects/microblog/app/__init__.py:39]
2013-10-29 15:56:06,268 INFO: microblog startup [in /Users/sandrew/Documents/Sites/personal projects/microblog/app/__init__.py:39]
2013-10-29 15:56:06,758 INFO: microblog startup [in /Users/sandrew/Documents/Sites/personal projects/microblog/app/__init__.py:39]
2013-10-29 15:56:29,672 INFO: microblog startup [in /Users/sandrew/Documents/Sites/personal projects/microblog/app/__init__.py:39]
2013-10-29 15:56:39,432 INFO: microblog startup [in /Users/sandrew/Documents/Sites/personal projects/microblog/app/__init__.py:39]
2013-10-29 15:57:04,261 INFO: microblog startup [in /Users/sandrew/Documents/Sites/personal projects/microblog/app/__init__.py:39]
2013-10-29 15:57:12,927 INFO: microblog startup [in /Users/sandrew/Documents/Sites/personal projects/microblog/app/__init__.py:39]
